{"level":"DEBUG","time":"2021-05-25T16:35:58.976+0800","caller":"bluebell/main.go:23","msg":"log init success"}
{"level":"DEBUG","time":"2021-05-25T16:38:38.151+0800","caller":"bluebell/main.go:23","msg":"log init success"}
{"level":"DEBUG","time":"2021-05-25T17:50:32.616+0800","caller":"bluebell/main.go:23","msg":"log init success"}
{"level":"DEBUG","time":"2021-05-26T11:02:35.282+0800","caller":"bluebell/main.go:23","msg":"log init success"}
{"level":"DEBUG","time":"2021-05-26T11:04:53.461+0800","caller":"bluebell/main.go:23","msg":"log init success"}
{"level":"DEBUG","time":"2021-05-26T11:05:05.293+0800","caller":"bluebell/main.go:23","msg":"log init success"}
{"level":"DEBUG","time":"2021-05-26T11:05:25.375+0800","caller":"bluebell/main.go:23","msg":"log init success"}
{"level":"DEBUG","time":"2021-05-26T13:30:01.047+0800","caller":"bluebell/main.go:24","msg":"log init success"}
{"level":"DEBUG","time":"2021-05-26T13:36:18.192+0800","caller":"bluebell/main.go:24","msg":"log init success"}
{"level":"INFO","time":"2021-05-26T13:36:34.262+0800","caller":"logger/logger.go:72","msg":"/hello","status":200,"method":"GET","path":"/hello","query":"","ip":"127.0.0.1","user-agent":"Mozilla/5.0 (Windows NT 10.0; Win64; x64) AppleWebKit/537.36 (KHTML, like Gecko) Chrome/90.0.4430.212 Safari/537.36","errors":"","cost":0}
{"level":"INFO","time":"2021-05-26T13:36:34.557+0800","caller":"logger/logger.go:72","msg":"/favicon.ico","status":404,"method":"GET","path":"/favicon.ico","query":"","ip":"127.0.0.1","user-agent":"Mozilla/5.0 (Windows NT 10.0; Win64; x64) AppleWebKit/537.36 (KHTML, like Gecko) Chrome/90.0.4430.212 Safari/537.36","errors":"","cost":0}
{"level":"DEBUG","time":"2021-05-26T15:49:13.517+0800","caller":"bluebell/main.go:25","msg":"log init success"}
{"level":"DEBUG","time":"2021-05-26T15:54:29.189+0800","caller":"bluebell/main.go:25","msg":"log init success"}
{"level":"DEBUG","time":"2021-05-26T15:55:15.006+0800","caller":"bluebell/main.go:25","msg":"log init success"}
{"level":"DEBUG","time":"2021-05-26T16:00:35.087+0800","caller":"bluebell/main.go:25","msg":"log init success"}
{"level":"INFO","time":"2021-05-26T16:01:55.651+0800","caller":"logger/logger.go:72","msg":"/hello","status":200,"method":"GET","path":"/hello","query":"","ip":"::1","user-agent":"Mozilla/5.0 (Windows NT 10.0; Win64; x64) AppleWebKit/537.36 (KHTML, like Gecko) Chrome/90.0.4430.212 Safari/537.36","errors":"","cost":0.0009965}
{"level":"INFO","time":"2021-05-26T16:01:55.974+0800","caller":"logger/logger.go:72","msg":"/favicon.ico","status":404,"method":"GET","path":"/favicon.ico","query":"","ip":"::1","user-agent":"Mozilla/5.0 (Windows NT 10.0; Win64; x64) AppleWebKit/537.36 (KHTML, like Gecko) Chrome/90.0.4430.212 Safari/537.36","errors":"","cost":0}
{"level":"INFO","time":"2021-05-26T16:04:29.118+0800","caller":"logger/logger.go:72","msg":"/hello","status":200,"method":"GET","path":"/hello","query":"","ip":"::1","user-agent":"PostmanRuntime/7.28.0","errors":"","cost":0.0019994}
{"level":"DEBUG","time":"2021-05-26T16:05:20.038+0800","caller":"bluebell/main.go:25","msg":"log init success"}
{"level":"INFO","time":"2021-05-26T16:05:22.912+0800","caller":"logger/logger.go:72","msg":"/hello","status":200,"method":"GET","path":"/hello","query":"","ip":"::1","user-agent":"PostmanRuntime/7.28.0","errors":"","cost":0.0009999}
{"level":"DEBUG","time":"2021-05-27T14:15:50.031+0800","caller":"bluebell/main.go:25","msg":"log init success"}
{"level":"DEBUG","time":"2021-05-27T14:19:37.560+0800","caller":"bluebell/main.go:25","msg":"log init success"}
{"level":"INFO","time":"2021-05-27T14:19:37.846+0800","caller":"redis/redis.go:28","msg":"zap connect redis successful"}
{"level":"DEBUG","time":"2021-05-27T14:21:25.239+0800","caller":"bluebell/main.go:25","msg":"log init success"}
{"level":"INFO","time":"2021-05-27T14:21:25.480+0800","caller":"redis/redis.go:28","msg":"zap connect redis successful"}
{"level":"INFO","time":"2021-05-27T14:25:31.168+0800","caller":"logger/logger.go:72","msg":"/hello","status":200,"method":"GET","path":"/hello","query":"","ip":"::1","user-agent":"Mozilla/5.0 (Windows NT 10.0; Win64; x64) AppleWebKit/537.36 (KHTML, like Gecko) Chrome/90.0.4430.212 Safari/537.36","errors":"","cost":0.0109913}
{"level":"DEBUG","time":"2021-06-03T13:27:45.096+0800","caller":"bluebell/main.go:25","msg":"log init success"}
{"level":"DEBUG","time":"2021-06-03T13:34:21.953+0800","caller":"bluebell/main.go:25","msg":"log init success"}
{"level":"DEBUG","time":"2021-06-03T13:35:06.355+0800","caller":"bluebell/main.go:25","msg":"log init success"}
{"level":"INFO","time":"2021-06-03T13:35:06.555+0800","caller":"redis/redis.go:28","msg":"zap connect redis successful"}
{"level":"INFO","time":"2021-06-03T13:36:47.912+0800","caller":"logger/logger.go:72","msg":"/","status":404,"method":"GET","path":"/","query":"","ip":"::1","user-agent":"Mozilla/5.0 (Windows NT 10.0; Win64; x64) AppleWebKit/537.36 (KHTML, like Gecko) Chrome/90.0.4430.212 Safari/537.36","errors":"","cost":0.0060428}
{"level":"INFO","time":"2021-06-03T13:36:48.621+0800","caller":"logger/logger.go:72","msg":"/favicon.ico","status":404,"method":"GET","path":"/favicon.ico","query":"","ip":"::1","user-agent":"Mozilla/5.0 (Windows NT 10.0; Win64; x64) AppleWebKit/537.36 (KHTML, like Gecko) Chrome/90.0.4430.212 Safari/537.36","errors":"","cost":0}
{"level":"INFO","time":"2021-06-03T13:36:52.948+0800","caller":"logger/logger.go:72","msg":"/hello","status":200,"method":"GET","path":"/hello","query":"","ip":"::1","user-agent":"Mozilla/5.0 (Windows NT 10.0; Win64; x64) AppleWebKit/537.36 (KHTML, like Gecko) Chrome/90.0.4430.212 Safari/537.36","errors":"","cost":0.0050036}
{"level":"INFO","time":"2021-06-03T13:37:05.143+0800","caller":"logger/logger.go:72","msg":"/hello","status":200,"method":"GET","path":"/hello","query":"","ip":"::1","user-agent":"PostmanRuntime/7.28.0","errors":"","cost":0.0049981}
{"level":"INFO","time":"2021-06-03T13:37:33.281+0800","caller":"logger/logger.go:72","msg":"/hello","status":200,"method":"GET","path":"/hello","query":"","ip":"::1","user-agent":"PostmanRuntime/7.28.0","errors":"","cost":0}
{"level":"INFO","time":"2021-06-03T13:37:43.543+0800","caller":"logger/logger.go:72","msg":"/hello","status":200,"method":"GET","path":"/hello","query":"","ip":"::1","user-agent":"PostmanRuntime/7.28.0","errors":"","cost":0}
{"level":"INFO","time":"2021-06-03T13:52:11.393+0800","caller":"logger/logger.go:72","msg":"/POST","status":404,"method":"GET","path":"/POST","query":"","ip":"::1","user-agent":"PostmanRuntime/7.28.0","errors":"","cost":0}
{"level":"INFO","time":"2021-06-03T13:52:28.731+0800","caller":"logger/logger.go:72","msg":"/POST","status":404,"method":"GET","path":"/POST","query":"","ip":"::1","user-agent":"PostmanRuntime/7.28.0","errors":"","cost":0}
{"level":"DEBUG","time":"2021-06-03T14:05:14.421+0800","caller":"bluebell/main.go:25","msg":"log init success"}
{"level":"INFO","time":"2021-06-03T14:05:14.743+0800","caller":"redis/redis.go:28","msg":"zap connect redis successful"}
{"level":"INFO","time":"2021-06-03T14:05:36.981+0800","caller":"logger/logger.go:72","msg":"/hello","status":404,"method":"POST","path":"/hello","query":"","ip":"::1","user-agent":"PostmanRuntime/7.28.0","errors":"","cost":0}
{"level":"INFO","time":"2021-06-03T14:06:09.847+0800","caller":"logger/logger.go:72","msg":"/","status":404,"method":"POST","path":"/","query":"","ip":"::1","user-agent":"PostmanRuntime/7.28.0","errors":"","cost":0}
{"level":"INFO","time":"2021-06-03T14:06:16.971+0800","caller":"logger/logger.go:72","msg":"/hello","status":200,"method":"GET","path":"/hello","query":"","ip":"::1","user-agent":"PostmanRuntime/7.28.0","errors":"","cost":0.0130086}
{"level":"INFO","time":"2021-06-03T14:06:19.947+0800","caller":"logger/logger.go:72","msg":"/POST","status":404,"method":"GET","path":"/POST","query":"","ip":"::1","user-agent":"PostmanRuntime/7.28.0","errors":"","cost":0}
{"level":"INFO","time":"2021-06-03T14:06:21.099+0800","caller":"logger/logger.go:72","msg":"/POST","status":404,"method":"GET","path":"/POST","query":"","ip":"::1","user-agent":"PostmanRuntime/7.28.0","errors":"","cost":0}
{"level":"INFO","time":"2021-06-03T14:06:24.407+0800","caller":"logger/logger.go:72","msg":"/POST","status":404,"method":"POST","path":"/POST","query":"","ip":"::1","user-agent":"PostmanRuntime/7.28.0","errors":"","cost":0}
{"level":"INFO","time":"2021-06-03T14:06:25.714+0800","caller":"logger/logger.go:72","msg":"/POST","status":404,"method":"POST","path":"/POST","query":"","ip":"::1","user-agent":"PostmanRuntime/7.28.0","errors":"","cost":0}
{"level":"INFO","time":"2021-06-03T14:06:35.436+0800","caller":"logger/logger.go:72","msg":"/POST","status":404,"method":"POST","path":"/POST","query":"","ip":"::1","user-agent":"PostmanRuntime/7.28.0","errors":"","cost":0}
{"level":"INFO","time":"2021-06-03T14:14:45.330+0800","caller":"logger/logger.go:72","msg":"/hello","status":200,"method":"GET","path":"/hello","query":"","ip":"::1","user-agent":"PostmanRuntime/7.28.0","errors":"","cost":0.0010427}
{"level":"DEBUG","time":"2021-06-03T14:22:18.582+0800","caller":"bluebell/main.go:25","msg":"log init success"}
{"level":"INFO","time":"2021-06-03T14:22:18.824+0800","caller":"redis/redis.go:28","msg":"zap connect redis successful"}
{"level":"INFO","time":"2021-06-03T14:22:31.536+0800","caller":"logger/logger.go:72","msg":"/hello","status":200,"method":"GET","path":"/hello","query":"","ip":"::1","user-agent":"PostmanRuntime/7.28.0","errors":"","cost":0.0010014}
{"level":"INFO","time":"2021-06-03T14:22:36.729+0800","caller":"logger/logger.go:72","msg":"/POST","status":404,"method":"POST","path":"/POST","query":"","ip":"::1","user-agent":"PostmanRuntime/7.28.0","errors":"","cost":0}
{"level":"INFO","time":"2021-06-03T14:22:56.745+0800","caller":"logger/logger.go:72","msg":"/signup","status":200,"method":"POST","path":"/signup","query":"","ip":"::1","user-agent":"PostmanRuntime/7.28.0","errors":"","cost":0.033315}
{"level":"INFO","time":"2021-06-03T14:25:46.996+0800","caller":"logger/logger.go:72","msg":"/signup","status":200,"method":"POST","path":"/signup","query":"","ip":"::1","user-agent":"PostmanRuntime/7.28.0","errors":"","cost":0.0009937}
{"level":"DEBUG","time":"2021-06-03T14:30:05.455+0800","caller":"bluebell/main.go:25","msg":"log init success"}
{"level":"INFO","time":"2021-06-03T14:30:05.855+0800","caller":"redis/redis.go:28","msg":"zap connect redis successful"}
{"level":"DEBUG","time":"2021-06-03T14:30:42.542+0800","caller":"bluebell/main.go:25","msg":"log init success"}
{"level":"INFO","time":"2021-06-03T14:30:42.721+0800","caller":"redis/redis.go:28","msg":"zap connect redis successful"}
{"level":"INFO","time":"2021-06-03T14:30:48.008+0800","caller":"logger/logger.go:72","msg":"/signup","status":200,"method":"POST","path":"/signup","query":"","ip":"::1","user-agent":"PostmanRuntime/7.28.0","errors":"","cost":0}
{"level":"INFO","time":"2021-06-03T14:30:57.823+0800","caller":"logger/logger.go:72","msg":"/signup","status":200,"method":"POST","path":"/signup","query":"","ip":"::1","user-agent":"PostmanRuntime/7.28.0","errors":"","cost":0}
{"level":"INFO","time":"2021-06-03T14:31:04.843+0800","caller":"logger/logger.go:72","msg":"/signup","status":200,"method":"POST","path":"/signup","query":"","ip":"::1","user-agent":"PostmanRuntime/7.28.0","errors":"","cost":0}
{"level":"DEBUG","time":"2021-06-03T14:33:43.729+0800","caller":"bluebell/main.go:25","msg":"log init success"}
{"level":"INFO","time":"2021-06-03T14:33:43.880+0800","caller":"redis/redis.go:28","msg":"zap connect redis successful"}
{"level":"DEBUG","time":"2021-06-03T14:34:41.391+0800","caller":"bluebell/main.go:25","msg":"log init success"}
{"level":"INFO","time":"2021-06-03T14:34:41.553+0800","caller":"redis/redis.go:28","msg":"zap connect redis successful"}
{"level":"INFO","time":"2021-06-03T14:34:47.244+0800","caller":"logger/logger.go:72","msg":"/signup","status":200,"method":"POST","path":"/signup","query":"","ip":"::1","user-agent":"PostmanRuntime/7.28.0","errors":"","cost":0}
{"level":"DEBUG","time":"2021-06-03T14:36:14.686+0800","caller":"bluebell/main.go:25","msg":"log init success"}
{"level":"INFO","time":"2021-06-03T14:36:14.893+0800","caller":"redis/redis.go:28","msg":"zap connect redis successful"}
{"level":"INFO","time":"2021-06-03T14:36:20.099+0800","caller":"logger/logger.go:72","msg":"/signup","status":200,"method":"POST","path":"/signup","query":"","ip":"::1","user-agent":"PostmanRuntime/7.28.0","errors":"","cost":0.000999}
{"level":"INFO","time":"2021-06-03T14:36:29.721+0800","caller":"logger/logger.go:72","msg":"/signup","status":200,"method":"POST","path":"/signup","query":"","ip":"::1","user-agent":"PostmanRuntime/7.28.0","errors":"","cost":0.0030062}
{"level":"INFO","time":"2021-06-03T14:38:52.468+0800","caller":"logger/logger.go:72","msg":"/signup","status":200,"method":"POST","path":"/signup","query":"","ip":"::1","user-agent":"PostmanRuntime/7.28.0","errors":"","cost":0.0010396}
{"level":"INFO","time":"2021-06-03T14:39:19.893+0800","caller":"logger/logger.go:72","msg":"/signup","status":200,"method":"POST","path":"/signup","query":"","ip":"::1","user-agent":"PostmanRuntime/7.28.0","errors":"","cost":0}
{"level":"INFO","time":"2021-06-03T14:39:33.897+0800","caller":"logger/logger.go:72","msg":"/signup","status":200,"method":"POST","path":"/signup","query":"","ip":"::1","user-agent":"PostmanRuntime/7.28.0","errors":"","cost":0}
{"level":"INFO","time":"2021-06-03T14:39:51.710+0800","caller":"logger/logger.go:72","msg":"/signu","status":404,"method":"POST","path":"/signu","query":"","ip":"::1","user-agent":"PostmanRuntime/7.28.0","errors":"","cost":0}
{"level":"INFO","time":"2021-06-03T14:40:16.410+0800","caller":"logger/logger.go:72","msg":"/signup","status":200,"method":"POST","path":"/signup","query":"","ip":"::1","user-agent":"PostmanRuntime/7.28.0","errors":"","cost":0}
{"level":"INFO","time":"2021-06-03T14:47:26.047+0800","caller":"logger/logger.go:72","msg":"/signup","status":200,"method":"POST","path":"/signup","query":"","ip":"::1","user-agent":"PostmanRuntime/7.28.0","errors":"","cost":0.007106}
